


ARM Macro Assembler    Page 1 


    1 00000000                 AREA             storage,DATA
    2 00000000         array
    3 00000000         ; Total is 232 for the example list
    4 00000000 00000003 
              00000007 
              0000001F 
              000000C1 
              00000002 
              FFFFFFFB 
              FFFFFE0C         DCD              3, 7, 31, 193, 2, -5, -500
    5 0000001C         array_end
    6 0000001C                 AREA             main,CODE
    7 00000000                 EXPORT           asm_main
    8 00000000         asm_main
    9 00000000         ; Your code goes here
   10 00000000         ;MOV r0, -5
   11 00000000 4809            LDR              r0, =array
   12 00000002 490A            LDR              r1, =array_end
   13 00000004 F04F 0200       MOV              r2, #0
   14 00000008         sum_loop
   15 00000008 4288            CMP              r0, r1
   16 0000000A D205            BHS              sum_loop_end
   17 0000000C F850 3B04       LDR              r3, [r0], #4
   18 00000010 F000 F805       BL               abs
   19 00000014 441A            ADD              r2, r3
   20 00000016 E7F7            B                sum_loop
   21 00000018         sum_loop_end
   22 00000018 F000 F801       BL               abs
   23 0000001C E7FE            B                .           ; Loop forever
   24 0000001E         abs
   25 0000001E 2B00            CMP              r3, #0
   26 00000020 BFD8 425B       RSBLE            r3, r3, #0
   27 00000024 4770            BX               lr
   28 00000026         
   29 00000026 00 00           ALIGN
   30 00000028                 END
              00000000 
              00000000 
Command Line: --debug --xref --diag_suppress=9931 --cpu=Cortex-M4.fp.sp --depen
d=.\objects\main.d -o.\objects\main.o -I.\RTE\_STM32F407_Flash -IC:\KEIL_V5\ARM
\PACK\ARM\CMSIS\5.8.0\CMSIS\Core\Include -IC:\KEIL_V5\ARM\PACK\Keil\STM32F4xx_D
FP\2.15.0\Drivers\CMSIS\Device\ST\STM32F4xx\Include --predefine="__UVISION_VERS
ION SETA 535" --predefine="_RTE_ SETA 1" --predefine="STM32F407xx SETA 1" --pre
define="_RTE_ SETA 1" --list=.\listings\main.lst asm\main.s



ARM Macro Assembler    Page 1 Alphabetic symbol ordering
Relocatable symbols

array 00000000

Symbol: array
   Definitions
      At line 2 in file asm\main.s
   Uses
      At line 11 in file asm\main.s
Comment: array used once
array_end 0000001C

Symbol: array_end
   Definitions
      At line 5 in file asm\main.s
   Uses
      At line 12 in file asm\main.s
Comment: array_end used once
storage 00000000

Symbol: storage
   Definitions
      At line 1 in file asm\main.s
   Uses
      None
Comment: storage unused
3 symbols



ARM Macro Assembler    Page 1 Alphabetic symbol ordering
Relocatable symbols

abs 0000001E

Symbol: abs
   Definitions
      At line 24 in file asm\main.s
   Uses
      At line 18 in file asm\main.s
      At line 22 in file asm\main.s

asm_main 00000000

Symbol: asm_main
   Definitions
      At line 8 in file asm\main.s
   Uses
      At line 7 in file asm\main.s
Comment: asm_main used once
main 00000000

Symbol: main
   Definitions
      At line 6 in file asm\main.s
   Uses
      None
Comment: main unused
sum_loop 00000008

Symbol: sum_loop
   Definitions
      At line 14 in file asm\main.s
   Uses
      At line 20 in file asm\main.s
Comment: sum_loop used once
sum_loop_end 00000018

Symbol: sum_loop_end
   Definitions
      At line 21 in file asm\main.s
   Uses
      At line 16 in file asm\main.s
Comment: sum_loop_end used once
5 symbols
344 symbols in table
