


ARM Macro Assembler    Page 1 


    1 00000000                 AREA             mainarea,CODE
    2 00000000                 EXPORT           asm_main
    3 00000000         asm_main
    4 00000000         
    5 00000000         ; Your instructions go here...
    6 00000000 F04F 0002       MOV              r0, #2
    7 00000004 EB00 01C0       ADD              r1, r0, r0, LSL #3 ; r1 = r0 + 
                                                            8*r0 = 9*r0
    8 00000008 EB01 0180       ADD              r1, r1, r0, LSL #2 ; r1 = r1 + 
                                                            4*r0 = 9*r0 + 4*r0 
                                                            = 13*r0
    9 0000000C         
   10 0000000C E7FE            B                .           ; Loop forever
   11 0000000E         
   12 0000000E                 END
Command Line: --debug --xref --diag_suppress=9931 --cpu=Cortex-M4.fp.sp --depen
d=.\objects\main.d -o.\objects\main.o -I.\RTE\_STM32F407_Flash -IC:\KEIL_V5\ARM
\PACK\ARM\CMSIS\5.8.0\CMSIS\Core\Include -IC:\KEIL_V5\ARM\PACK\Keil\STM32F4xx_D
FP\2.15.0\Drivers\CMSIS\Device\ST\STM32F4xx\Include --predefine="__UVISION_VERS
ION SETA 535" --predefine="_RTE_ SETA 1" --predefine="STM32F407xx SETA 1" --pre
define="_RTE_ SETA 1" --list=.\listings\main.lst asm\main.s



ARM Macro Assembler    Page 1 Alphabetic symbol ordering
Relocatable symbols

asm_main 00000000

Symbol: asm_main
   Definitions
      At line 3 in file asm\main.s
   Uses
      At line 2 in file asm\main.s
Comment: asm_main used once
mainarea 00000000

Symbol: mainarea
   Definitions
      At line 1 in file asm\main.s
   Uses
      None
Comment: mainarea unused
2 symbols
336 symbols in table
